<?xml version="1.0" encoding="UTF-8"?>
<!-- Generated by org.testng.reporters.JUnitXMLReporter -->
<testsuite hostname="LAPTOP-6L1LSAPB" ignored="0" name="Amazon LoginPage Test" tests="3" failures="0" timestamp="21 Jul 2020 22:54:21 GMT" time="11.898" errors="0">
  <testcase name="verifyTitle" time="0.017" classname="com.qa.amazon.tests.LoginPageTest"/>
  <testcase name="verifySigninHeader" time="0.141" classname="com.qa.amazon.tests.LoginPageTest"/>
  <testcase name="doClick" time="2.172" classname="com.qa.amazon.tests.LoginPageTest"/>
</testsuite> <!-- Amazon LoginPage Test -->
