<?xml version="1.0" encoding="UTF-8"?>
<!-- Generated by org.testng.reporters.JUnitXMLReporter -->
<testsuite hostname="LAPTOP-6L1LSAPB" ignored="0" name="Default test" tests="3" failures="0" timestamp="21 Jul 2020 22:55:04 GMT" time="11.91" errors="0">
  <testcase name="verifyTitle" time="0.014" classname="com.qa.amazon.tests.LoginPageTest"/>
  <testcase name="verifySigninHeader" time="0.075" classname="com.qa.amazon.tests.LoginPageTest"/>
  <testcase name="doClick" time="2.186" classname="com.qa.amazon.tests.LoginPageTest"/>
</testsuite> <!-- Default test -->
