<?xml version="1.0" encoding="UTF-8"?>
<testng-results skipped="0" failed="0" ignored="0" total="3" passed="3">
  <reporter-output>
  </reporter-output>
  <suite name="Default suite" duration-ms="11910" started-at="2020-07-21T22:54:52Z" finished-at="2020-07-21T22:55:04Z">
    <groups>
    </groups>
    <test name="Default test" duration-ms="11910" started-at="2020-07-21T22:54:52Z" finished-at="2020-07-21T22:55:04Z">
      <class name="com.qa.amazon.tests.LoginPageTest">
        <test-method status="PASS" signature="setup()[pri:0, instance:com.qa.amazon.tests.LoginPageTest@101b7af]" name="setup" is-config="true" duration-ms="9587" started-at="2020-07-21T22:54:52Z" finished-at="2020-07-21T22:55:02Z">
          <reporter-output>
          </reporter-output>
        </test-method> <!-- setup -->
        <test-method status="PASS" signature="verifyTitle()[pri:1, instance:com.qa.amazon.tests.LoginPageTest@101b7af]" name="verifyTitle" duration-ms="14" started-at="2020-07-21T22:55:02Z" finished-at="2020-07-21T22:55:02Z">
          <reporter-output>
          </reporter-output>
        </test-method> <!-- verifyTitle -->
        <test-method status="PASS" signature="verifySigninHeader()[pri:2, instance:com.qa.amazon.tests.LoginPageTest@101b7af]" name="verifySigninHeader" duration-ms="75" started-at="2020-07-21T22:55:02Z" finished-at="2020-07-21T22:55:02Z">
          <reporter-output>
          </reporter-output>
        </test-method> <!-- verifySigninHeader -->
        <test-method status="PASS" signature="doClick()[pri:3, instance:com.qa.amazon.tests.LoginPageTest@101b7af]" name="doClick" duration-ms="2186" started-at="2020-07-21T22:55:02Z" finished-at="2020-07-21T22:55:04Z">
          <reporter-output>
          </reporter-output>
        </test-method> <!-- doClick -->
      </class> <!-- com.qa.amazon.tests.LoginPageTest -->
    </test> <!-- Default test -->
  </suite> <!-- Default suite -->
</testng-results>
